<?xml version="1.0" encoding="UTF-8"?>
<!-- Generated by org.testng.reporters.JUnitReportReporter -->
<testsuite hostname="DESKTOP-SEL0MOP" name="logs_concept.LogConcepts" tests="2" failures="0" timestamp="16 Feb 2021 08:51:03 GMT" time="0.652" errors="0">
  <testcase name="testcasetwo" time="0.040" classname="logs_concept.LogConcepts"/>
  <testcase name="testcaseone" time="0.612" classname="logs_concept.LogConcepts"/>
</testsuite> <!-- logs_concept.LogConcepts -->
