<?xml version="1.0" encoding="UTF-8"?>
<!-- Generated by org.testng.reporters.JUnitReportReporter -->
<testsuite hostname="DESKTOP-SEL0MOP" name="TestCaseExecution.CreateQuizTest" tests="1" failures="0" timestamp="15 Feb 2021 08:23:14 GMT" time="125.012" errors="0">
  <testcase name="CreateQuiz" time="125.012" classname="TestCaseExecution.CreateQuizTest"/>
</testsuite> <!-- TestCaseExecution.CreateQuizTest -->
